<?xml version="1.0" encoding="UTF-8"?>
<testsuite xmlns:xsi="http://www.w3.org/2001/XMLSchema-instance" xsi:noNamespaceSchemaLocation="https://maven.apache.org/surefire/maven-surefire-plugin/xsd/surefire-test-report.xsd" version="3.0.2" name="TestSuite" time="18.493" tests="2" errors="0" skipped="0" failures="0">
  <properties>
[...]
</properties>
  <testcase name="vaildatePresenceofsortbutton" classname="coverFoxTest.coverFoxTestng_TC1" time="1.058">
    <system-out><![CDATA[ INFO [main] (coverFoxTestng_TC1.java:39)- Opening Browser
Clicking on Gender Button
 INFO [main] (coverFoxTestng_TC1.java:56)- Clicking on gender button
Clicking on Next Button
 INFO [main] (coverFoxTestng_TC1.java:59)- Clicking on next button
Handeling the drop down
 WARN [main] (coverFoxTestng_TC1.java:63)- Enter age between 18 to 50 years
 INFO [main] (coverFoxTestng_TC1.java:64)- Handeling the age drop down
Clicking on Next Button
 INFO [main] (coverFoxTestng_TC1.java:66)- Clicking on next button
Entering the pincode
 WARN [main] (coverFoxTestng_TC1.java:70)- Enter the valid pin code
 INFO [main] (coverFoxTestng_TC1.java:71)- Enter the pin code
Entering the mobile number
 WARN [main] (coverFoxTestng_TC1.java:74)- Enter the valid mobile no.
 INFO [main] (coverFoxTestng_TC1.java:75)- Enter the mobile number
Click on next button
 INFO [main] (coverFoxTestng_TC1.java:77)- Clicking on next button
Checking if sortPlanFilterIsDisplayed
 INFO [main] (coverFoxTestng_TC1.java:96)- Validating the presence of sort button
]]></system-out>
    <system-err><![CDATA[SLF4J: No SLF4J providers were found.
SLF4J: Defaulting to no-operation (NOP) logger implementation
SLF4J: See https://www.slf4j.org/codes.html#noProviders for further details.
Aug 13, 2024 7:02:15 AM org.openqa.selenium.devtools.CdpVersionFinder findNearestMatch
WARNING: Unable to find an exact match for CDP version 127, returning the closest version; found: 126; Please update to a Selenium version that supports CDP version 127
]]></system-err>
  </testcase>
  <testcase name="validateBanner" classname="coverFoxTest.coverFoxTestng_TC1" time="1.075">
    <system-out><![CDATA[Getting plan number from banner
Getting plan number from string
 INFO [main] (coverFoxTestng_TC1.java:87)- Validating the banners
]]></system-out>
  </testcase>
</testsuite>