<?xml version="1.0" encoding="UTF-8"?>
<testng-results ignored="0" total="2" passed="2" failed="0" skipped="0">
  <reporter-output>
    <line>
      <![CDATA[launching browser]]>
    </line>
    <line>
      <![CDATA[waiting...]]>
    </line>
    <line>
      <![CDATA[Clicking on Gender Button]]>
    </line>
    <line>
      <![CDATA[Clicking on Next Button]]>
    </line>
    <line>
      <![CDATA[Handeling the drop down]]>
    </line>
    <line>
      <![CDATA[Clicking on Next Button]]>
    </line>
    <line>
      <![CDATA[Entering the pincode]]>
    </line>
    <line>
      <![CDATA[Entering the mobile number]]>
    </line>
    <line>
      <![CDATA[Click on next button]]>
    </line>
    <line>
      <![CDATA[vaildatePresenceofsortbutton TC execution started]]>
    </line>
    <line>
      <![CDATA[Checking if sortPlanFilterIsDisplayed]]>
    </line>
    <line>
      <![CDATA[validateBanner TC execution started]]>
    </line>
    <line>
      <![CDATA[Getting plan number from banner]]>
    </line>
    <line>
      <![CDATA[Getting plan number from string]]>
    </line>
    <line>
      <![CDATA[Closing Browser]]>
    </line>
  </reporter-output>
  <suite started-at="2024-08-10T23:54:08 IST" name="Default suite" finished-at="2024-08-10T23:54:21 IST" duration-ms="13524">
    <groups>
    </groups>
    <test started-at="2024-08-10T23:54:08 IST" name="Default test" finished-at="2024-08-10T23:54:21 IST" duration-ms="13524">
      <class name="coverFoxTest.coverFoxTestng_TC1">
        <test-method is-config="true" signature="launchBrowser()[pri:0, instance:coverFoxTest.coverFoxTestng_TC1@15de0b3c]" started-at="2024-08-10T23:54:08 IST" name="launchBrowser" finished-at="2024-08-10T23:54:13 IST" duration-ms="5090" status="PASS">
          <reporter-output>
            <line>
              <![CDATA[launching browser]]>
            </line>
            <line>
              <![CDATA[waiting...]]>
            </line>
          </reporter-output>
        </test-method> <!-- launchBrowser -->
        <test-method is-config="true" signature="precondition()[pri:0, instance:coverFoxTest.coverFoxTestng_TC1@15de0b3c]" started-at="2024-08-10T23:54:13 IST" name="precondition" finished-at="2024-08-10T23:54:18 IST" duration-ms="5086" status="PASS">
          <reporter-output>
            <line>
              <![CDATA[Clicking on Gender Button]]>
            </line>
            <line>
              <![CDATA[Clicking on Next Button]]>
            </line>
            <line>
              <![CDATA[Handeling the drop down]]>
            </line>
            <line>
              <![CDATA[Clicking on Next Button]]>
            </line>
            <line>
              <![CDATA[Entering the pincode]]>
            </line>
            <line>
              <![CDATA[Entering the mobile number]]>
            </line>
            <line>
              <![CDATA[Click on next button]]>
            </line>
          </reporter-output>
        </test-method> <!-- precondition -->
        <test-method signature="vaildatePresenceofsortbutton()[pri:0, instance:coverFoxTest.coverFoxTestng_TC1@15de0b3c]" started-at="2024-08-10T23:54:18 IST" name="vaildatePresenceofsortbutton" finished-at="2024-08-10T23:54:19 IST" duration-ms="1072" status="PASS">
          <reporter-output>
            <line>
              <![CDATA[vaildatePresenceofsortbutton TC execution started]]>
            </line>
            <line>
              <![CDATA[Checking if sortPlanFilterIsDisplayed]]>
            </line>
          </reporter-output>
        </test-method> <!-- vaildatePresenceofsortbutton -->
        <test-method signature="validateBanner()[pri:0, instance:coverFoxTest.coverFoxTestng_TC1@15de0b3c]" started-at="2024-08-10T23:54:19 IST" name="validateBanner" finished-at="2024-08-10T23:54:20 IST" duration-ms="1069" status="PASS">
          <reporter-output>
            <line>
              <![CDATA[validateBanner TC execution started]]>
            </line>
            <line>
              <![CDATA[Getting plan number from banner]]>
            </line>
            <line>
              <![CDATA[Getting plan number from string]]>
            </line>
          </reporter-output>
        </test-method> <!-- validateBanner -->
        <test-method is-config="true" signature="closebrowser()[pri:0, instance:coverFoxTest.coverFoxTestng_TC1@15de0b3c]" started-at="2024-08-10T23:54:20 IST" name="closebrowser" finished-at="2024-08-10T23:54:21 IST" duration-ms="1160" status="PASS">
          <reporter-output>
            <line>
              <![CDATA[Closing Browser]]>
            </line>
          </reporter-output>
        </test-method> <!-- closebrowser -->
      </class> <!-- coverFoxTest.coverFoxTestng_TC1 -->
    </test> <!-- Default test -->
  </suite> <!-- Default suite -->
</testng-results>
